<?xml version="1.0" encoding="windows-1252" standalone="no"?>
<!DOCTYPE log SYSTEM "logger.dtd">
<log>
<record>
  <date>2021-05-02T16:11:15.342251400Z</date>
  <millis>1619971875342</millis>
  <nanos>251400</nanos>
  <sequence>0</sequence>
  <logger>org.uma.jmetal.util.JMetalLogger</logger>
  <level>INFO</level>
  <class>org.uma.jmetal.util.JMetalLogger</class>
  <method>configureLoggers</method>
  <thread>1</thread>
  <message>Loggers configured with null</message>
</record>
<record>
  <date>2021-05-02T16:11:15.377160100Z</date>
  <millis>1619971875377</millis>
  <nanos>160100</nanos>
  <sequence>1</sequence>
  <logger>org.uma.jmetal.util.JMetalLogger</logger>
  <level>INFO</level>
  <class>org.uma.jmetal.util.evaluator.impl.MultithreadedSolutionListEvaluator</class>
  <method>&lt;init&gt;</method>
  <thread>1</thread>
  <message>Number of cores: 8</message>
</record>
<record>
  <date>2021-05-02T16:11:15.884921100Z</date>
  <millis>1619971875884</millis>
  <nanos>921100</nanos>
  <sequence>2</sequence>
  <logger>org.uma.jmetal.util.JMetalLogger</logger>
  <level>INFO</level>
  <class>org.uma.jmetal.example.multiobjective.nsgaii.ParallelNSGAIIRunner</class>
  <method>main</method>
  <thread>1</thread>
  <message>Total execution time: 494ms</message>
</record>
<record>
  <date>2021-05-02T16:11:15.901877400Z</date>
  <millis>1619971875901</millis>
  <nanos>877400</nanos>
  <sequence>3</sequence>
  <logger>org.uma.jmetal.util.JMetalLogger</logger>
  <level>INFO</level>
  <class>org.uma.jmetal.util.AbstractAlgorithmRunner</class>
  <method>printFinalSolutionSet</method>
  <thread>1</thread>
  <message>Random seed: 1619971875387</message>
</record>
<record>
  <date>2021-05-02T16:11:15.902875600Z</date>
  <millis>1619971875902</millis>
  <nanos>875600</nanos>
  <sequence>4</sequence>
  <logger>org.uma.jmetal.util.JMetalLogger</logger>
  <level>INFO</level>
  <class>org.uma.jmetal.util.AbstractAlgorithmRunner</class>
  <method>printFinalSolutionSet</method>
  <thread>1</thread>
  <message>Objectives values have been written to file FUN.tsv</message>
</record>
<record>
  <date>2021-05-02T16:11:15.902875600Z</date>
  <millis>1619971875902</millis>
  <nanos>875600</nanos>
  <sequence>5</sequence>
  <logger>org.uma.jmetal.util.JMetalLogger</logger>
  <level>INFO</level>
  <class>org.uma.jmetal.util.AbstractAlgorithmRunner</class>
  <method>printFinalSolutionSet</method>
  <thread>1</thread>
  <message>Variables values have been written to file VAR.tsv</message>
</record>
</log>
